
> Andrija Kapetanović | Front-end Developer | Translator@1.0.0 build
> next build

info  - Linting and checking validity of types...
info  - Creating an optimized production build...
info  - Disabled SWC as replacement for Babel because of custom Babel configuration ".babelrc" https://nextjs.org/docs/messages/swc-disabled
info  - Using external babel configuration from /Users/andrijakapetanovic/Workspace/projects/andrijakapetanovic.com/.babelrc
info  - Compiled successfully
info  - Collecting page data...
info  - Generating static pages (0/8)
info  - Generating static pages (2/8)
info  - Generating static pages (4/8)
info  - Generating static pages (6/8)
info  - Generating static pages (8/8)
info  - Finalizing page optimization...

Route (pages)                                           Size     First Load JS
┌ ○ /                                                   1.39 kB         205 kB
├   /_app                                               0 B             127 kB
├ ○ /404                                                2.64 kB         129 kB
├ ○ /about                                              5.16 kB         212 kB
├ ○ /about/resume                                       4 kB            208 kB
├ ● /blog                                               1.09 kB         212 kB
├ ● /blog/posts/[slug]                                  1.06 kB         212 kB
├   └ /blog/posts/my-first-post-and-the-journey-so-far
└ ○ /portfolio                                          15.6 kB         223 kB
+ First Load JS shared by all                           127 kB
  ├ chunks/framework-3b5a00d5d7e8d93b.js                45.4 kB
  ├ chunks/main-a2a531f00269d899.js                     30 kB
  ├ chunks/pages/_app-e52e152dcd088191.js               49.3 kB
  ├ chunks/webpack-e8027f71ed4f1018.js                  1.85 kB
  └ css/ef46db3751d8e999.css                            20 B

○  (Static)  automatically rendered as static HTML (uses no initial props)
●  (SSG)     automatically generated as static HTML + JSON (uses getStaticProps)

